# JRE version: Java(TM) SE Runtime Environment (17.0.1+12) (build 17.0.1+12-LTS-39)
# Java VM: Java HotSpot(TM) 64-Bit Server VM (17.0.1+12-LTS-39, mixed mode, sharing, tiered, compressed oops, compressed class ptrs, g1 gc, windows-amd64)
GC Precious Log:
 CPUs: 4 total, 4 available
 Memory: 8097M
 Large Page Support: Disabled
 NUMA Support: Disabled
 Compressed Oops: Enabled (32-bit)
 Heap Region Size: 1M
 Heap Min Capacity: 8M
 Heap Initial Capacity: 128M
 Heap Max Capacity: 2G
 Pre-touch: Disabled
 Parallel Workers: 4
 Concurrent Workers: 1
 Concurrent Refinement Workers: 4
 Periodic GC: Disabled
Heap:
 garbage-first heap   total 295936K, used 211220K [0x0000000080000000, 0x0000000100000000)
  region size 1024K, 54 young (55296K), 10 survivors (10240K)
 Metaspace       used 108913K, committed 110272K, reserved 520192K
  class space    used 15169K, committed 15808K, reserved 421888K
GC Heap History (20 events):
Event: 635.546 GC heap before
{Heap before GC invocations=57 (full 0):
 garbage-first heap   total 241664K, used 189410K [0x0000000080000000, 0x0000000100000000)
  region size 1024K, 85 young (87040K), 3 survivors (3072K)
 Metaspace       used 87176K, committed 88128K, reserved 503808K
  class space    used 12004K, committed 12480K, reserved 421888K
}
Event: 635.560 GC heap after
{Heap after GC invocations=58 (full 0):
 garbage-first heap   total 241664K, used 109891K [0x0000000080000000, 0x0000000100000000)
  region size 1024K, 7 young (7168K), 7 survivors (7168K)
 Metaspace       used 87176K, committed 88128K, reserved 503808K
  class space    used 12004K, committed 12480K, reserved 421888K
}
Event: 635.639 GC heap before
{Heap before GC invocations=58 (full 0):
 garbage-first heap   total 241664K, used 113987K [0x0000000080000000, 0x0000000100000000)
  region size 1024K, 11 young (11264K), 7 survivors (7168K)
 Metaspace       used 87176K, committed 88128K, reserved 503808K
  class space    used 12004K, committed 12480K, reserved 421888K
}
Event: 635.649 GC heap after
{Heap after GC invocations=59 (full 0):
 garbage-first heap   total 241664K, used 108344K [0x0000000080000000, 0x0000000100000000)
  region size 1024K, 1 young (1024K), 1 survivors (1024K)
 Metaspace       used 87176K, committed 88128K, reserved 503808K
  class space    used 12004K, committed 12480K, reserved 421888K
}
Event: 641.065 GC heap before
{Heap before GC invocations=59 (full 0):
 garbage-first heap   total 241664K, used 199480K [0x0000000080000000, 0x0000000100000000)
  region size 1024K, 89 young (91136K), 1 survivors (1024K)
 Metaspace       used 92574K, committed 93504K, reserved 503808K
  class space    used 12852K, committed 13312K, reserved 421888K
}
Event: 641.072 GC heap after
{Heap after GC invocations=60 (full 0):
 garbage-first heap   total 295936K, used 110739K [0x0000000080000000, 0x0000000100000000)
  region size 1024K, 3 young (3072K), 3 survivors (3072K)
 Metaspace       used 92574K, committed 93504K, reserved 503808K
  class space    used 12852K, committed 13312K, reserved 421888K
}
Event: 691.613 GC heap before
{Heap before GC invocations=60 (full 0):
 garbage-first heap   total 295936K, used 251027K [0x0000000080000000, 0x0000000100000000)
  region size 1024K, 140 young (143360K), 3 survivors (3072K)
 Metaspace       used 100848K, committed 101952K, reserved 512000K
  class space    used 14001K, committed 14528K, reserved 421888K
}
Event: 691.642 GC heap after
{Heap after GC invocations=61 (full 0):
 garbage-first heap   total 295936K, used 121222K [0x0000000080000000, 0x0000000100000000)
  region size 1024K, 14 young (14336K), 14 survivors (14336K)
 Metaspace       used 100848K, committed 101952K, reserved 512000K
  class space    used 14001K, committed 14528K, reserved 421888K
}
Event: 799.414 GC heap before
{Heap before GC invocations=61 (full 0):
 garbage-first heap   total 295936K, used 241030K [0x0000000080000000, 0x0000000100000000)
  region size 1024K, 132 young (135168K), 14 survivors (14336K)
 Metaspace       used 102581K, committed 103808K, reserved 512000K
  class space    used 14213K, committed 14784K, reserved 421888K
}
Event: 799.719 GC heap after
{Heap after GC invocations=62 (full 0):
 garbage-first heap   total 295936K, used 137020K [0x0000000080000000, 0x0000000100000000)
  region size 1024K, 16 young (16384K), 16 survivors (16384K)
 Metaspace       used 102581K, committed 103808K, reserved 512000K
  class space    used 14213K, committed 14784K, reserved 421888K
}
Event: 803.478 GC heap before
{Heap before GC invocations=63 (full 0):
 garbage-first heap   total 295936K, used 163644K [0x0000000080000000, 0x0000000100000000)
  region size 1024K, 43 young (44032K), 16 survivors (16384K)
 Metaspace       used 102590K, committed 103808K, reserved 512000K
  class space    used 14213K, committed 14784K, reserved 421888K
}
Event: 803.529 GC heap after
{Heap after GC invocations=64 (full 0):
 garbage-first heap   total 295936K, used 138711K [0x0000000080000000, 0x0000000100000000)
  region size 1024K, 4 young (4096K), 4 survivors (4096K)
 Metaspace       used 102590K, committed 103808K, reserved 512000K
  class space    used 14213K, committed 14784K, reserved 421888K
}
Event: 803.639 GC heap before
{Heap before GC invocations=64 (full 0):
 garbage-first heap   total 295936K, used 147927K [0x0000000080000000, 0x0000000100000000)
  region size 1024K, 14 young (14336K), 4 survivors (4096K)
 Metaspace       used 102590K, committed 103808K, reserved 512000K
  class space    used 14213K, committed 14784K, reserved 421888K
}
Event: 803.650 GC heap after
{Heap after GC invocations=65 (full 0):
 garbage-first heap   total 295936K, used 138651K [0x0000000080000000, 0x0000000100000000)
  region size 1024K, 2 young (2048K), 2 survivors (2048K)
 Metaspace       used 102590K, committed 103808K, reserved 512000K
  class space    used 14213K, committed 14784K, reserved 421888K
}
Event: 811.167 GC heap before
{Heap before GC invocations=65 (full 0):
 garbage-first heap   total 295936K, used 241051K [0x0000000080000000, 0x0000000100000000)
  region size 1024K, 98 young (100352K), 2 survivors (2048K)
 Metaspace       used 103287K, committed 104576K, reserved 512000K
  class space    used 14358K, committed 14976K, reserved 421888K
}
Event: 811.182 GC heap after
{Heap after GC invocations=66 (full 0):
 garbage-first heap   total 295936K, used 151974K [0x0000000080000000, 0x0000000100000000)
  region size 1024K, 11 young (11264K), 11 survivors (11264K)
 Metaspace       used 103287K, committed 104576K, reserved 512000K
  class space    used 14358K, committed 14976K, reserved 421888K
}
Event: 823.494 GC heap before
{Heap before GC invocations=66 (full 0):
 garbage-first heap   total 295936K, used 236966K [0x0000000080000000, 0x0000000100000000)
  region size 1024K, 94 young (96256K), 11 survivors (11264K)
 Metaspace       used 106404K, committed 107712K, reserved 520192K
  class space    used 14851K, committed 15488K, reserved 421888K
}
Event: 823.522 GC heap after
{Heap after GC invocations=67 (full 0):
 garbage-first heap   total 295936K, used 158497K [0x0000000080000000, 0x0000000100000000)
  region size 1024K, 7 young (7168K), 7 survivors (7168K)
 Metaspace       used 106404K, committed 107712K, reserved 520192K
  class space    used 14851K, committed 15488K, reserved 421888K
}
Event: 830.236 GC heap before
{Heap before GC invocations=67 (full 0):
 garbage-first heap   total 295936K, used 239393K [0x0000000080000000, 0x0000000100000000)
  region size 1024K, 86 young (88064K), 7 survivors (7168K)
 Metaspace       used 108864K, committed 110208K, reserved 520192K
  class space    used 15165K, committed 15808K, reserved 421888K
}
Event: 830.269 GC heap after
{Heap after GC invocations=68 (full 0):
 garbage-first heap   total 295936K, used 168212K [0x0000000080000000, 0x0000000100000000)
  region size 1024K, 10 young (10240K), 10 survivors (10240K)
 Metaspace       used 108864K, committed 110208K, reserved 520192K
  class space    used 15165K, committed 15808K, reserved 421888K
}

